<?xml version="1.0" encoding="UTF-8"?>
<!-- Generated by org.testng.reporters.JUnitReportReporter -->
<testsuite hostname="ze.local" failures="0" tests="2" name="tests.StaffPageTest" time="137.278" errors="0" timestamp="08 jun 2021 14:47:33 GMT" skipped="0">
  <testcase classname="tests.StaffPageTest" name="staffPage" time="11.257"/>
  <testcase classname="tests.StaffPageTest" name="addStaff" time="126.021"/>
</testsuite> <!-- tests.StaffPageTest -->
