<?xml version="1.0" encoding="UTF-8"?>
<!-- Generated by org.testng.reporters.JUnitReportReporter -->
<testsuite hostname="ze.local" failures="0" tests="3" name="tests.SettingsPageTest" time="107.509" errors="0" timestamp="08 jun 2021 17:36:55 GMT" skipped="0">
  <testcase classname="tests.SettingsPageTest" name="settingsPage" time="59.503"/>
  <testcase classname="tests.SettingsPageTest" name="languageChange" time="36.688"/>
  <testcase classname="tests.SettingsPageTest" name="checkboxNotifications" time="11.318"/>
</testsuite> <!-- tests.SettingsPageTest -->
