<?xml version="1.0" encoding="UTF-8"?>
<!-- Generated by org.testng.reporters.JUnitReportReporter -->
<testsuite hostname="ze.local" failures="0" tests="12" name="tests.UserPageTest" time="104.770" errors="0" timestamp="11 jun 2021 06:59:53 GMT" skipped="0">
  <testcase classname="tests.UserPageTest" name="dashboard" time="11.570"/>
  <testcase classname="tests.UserPageTest" name="shiftPlanning" time="3.339"/>
  <testcase classname="tests.UserPageTest" name="timeClock" time="3.177"/>
  <testcase classname="tests.UserPageTest" name="leave" time="3.161"/>
  <testcase classname="tests.UserPageTest" name="training" time="3.175"/>
  <testcase classname="tests.UserPageTest" name="availability" time="6.701"/>
  <testcase classname="tests.UserPageTest" name="payroll" time="15.839"/>
  <testcase classname="tests.UserPageTest" name="reports" time="3.197"/>
  <testcase classname="tests.UserPageTest" name="staff" time="3.111"/>
  <testcase classname="tests.UserPageTest" name="addEmployee" time="30.173"/>
  <testcase classname="tests.UserPageTest" name="changeName" time="14.210"/>
  <testcase classname="tests.UserPageTest" name="addPhoto" time="7.117"/>
</testsuite> <!-- tests.UserPageTest -->
